[2020-04-21T18:09:48.523] [DEBUG] cheese - login => username:ddddddf,password:dddddfff
[2020-04-21T18:09:48.532] [DEBUG] cheese - ddddddf
[2020-04-21T18:09:49.239] [DEBUG] cheese - null
[2020-04-21T18:09:49.240] [DEBUG] cheese - null
[2020-04-21T18:14:34.162] [DEBUG] cheese - login => username:ffffffffffff,password:dddddddddd
[2020-04-21T18:14:34.163] [DEBUG] cheese - ffffffffffff
[2020-04-21T18:14:34.403] [DEBUG] cheese - null
[2020-04-21T18:14:34.404] [DEBUG] cheese - null
[2020-04-21T18:23:12.225] [DEBUG] cheese - login => username:cwcwewwwwcwe,password:wcwcewcw
[2020-04-21T18:23:12.225] [DEBUG] cheese - cwcwewwwwcwe
[2020-04-21T18:23:12.458] [DEBUG] cheese - null
[2020-04-21T18:23:12.458] [DEBUG] cheese - null
[2020-04-21T18:23:26.909] [DEBUG] cheese - login => username:cwcwewwwwcwe,password:wcwcewcw
[2020-04-21T18:23:26.909] [DEBUG] cheese - cwcwewwwwcwe
[2020-04-21T18:23:26.998] [DEBUG] cheese - null
[2020-04-21T18:23:26.998] [DEBUG] cheese - null
[2020-04-21T18:23:46.934] [DEBUG] cheese - login => username:dddddddd,password:eeeeeeee
[2020-04-21T18:23:46.934] [DEBUG] cheese - dddddddd
[2020-04-21T18:23:47.023] [DEBUG] cheese - null
[2020-04-21T18:23:47.023] [DEBUG] cheese - null
[2020-04-21T18:34:21.870] [DEBUG] cheese - login => username:额呃呃地区的去我呃,password:dqwdqwdqwdqwdqqwdq
[2020-04-21T18:34:21.870] [DEBUG] cheese - 额呃呃地区的去我呃
[2020-04-21T18:34:22.159] [DEBUG] cheese - null
[2020-04-21T18:34:22.159] [DEBUG] cheese - null
[2020-04-21T18:34:33.306] [DEBUG] cheese - login => username:额呃呃地区的去我呃,password:dqwdqwdqwdqwdqqwdq
[2020-04-21T18:34:33.306] [DEBUG] cheese - 额呃呃地区的去我呃
[2020-04-21T18:34:35.879] [DEBUG] cheese - login => username:额呃呃地区的去我呃,password:dqwdqwdqwdqwdqqwdq
[2020-04-21T18:34:35.880] [DEBUG] cheese - 额呃呃地区的去我呃
[2020-04-21T18:34:35.912] [DEBUG] cheese - null
[2020-04-21T18:34:35.912] [DEBUG] cheese - null
[2020-04-21T18:34:36.064] [DEBUG] cheese - null
[2020-04-21T18:34:36.064] [DEBUG] cheese - null
[2020-04-21T18:34:37.003] [DEBUG] cheese - login => username:额呃呃地区的去我呃,password:dqwdqwdqwdqwdqqwdq
[2020-04-21T18:34:37.004] [DEBUG] cheese - 额呃呃地区的去我呃
[2020-04-21T18:34:37.100] [DEBUG] cheese - null
[2020-04-21T18:34:37.100] [DEBUG] cheese - null
[2020-04-21T18:34:37.464] [DEBUG] cheese - login => username:额呃呃地区的去我呃,password:dqwdqwdqwdqwdqqwdq
[2020-04-21T18:34:37.465] [DEBUG] cheese - 额呃呃地区的去我呃
[2020-04-21T18:34:37.556] [DEBUG] cheese - null
[2020-04-21T18:34:37.557] [DEBUG] cheese - null
[2020-04-21T18:34:37.595] [DEBUG] cheese - login => username:额呃呃地区的去我呃,password:dqwdqwdqwdqwdqqwdq
[2020-04-21T18:34:37.595] [DEBUG] cheese - 额呃呃地区的去我呃
[2020-04-21T18:34:37.690] [DEBUG] cheese - null
[2020-04-21T18:34:37.691] [DEBUG] cheese - null
[2020-04-21T18:34:37.798] [DEBUG] cheese - login => username:额呃呃地区的去我呃,password:dqwdqwdqwdqwdqqwdq
[2020-04-21T18:34:37.798] [DEBUG] cheese - 额呃呃地区的去我呃
[2020-04-21T18:34:37.892] [DEBUG] cheese - null
[2020-04-21T18:34:37.892] [DEBUG] cheese - null
[2020-04-21T18:34:43.785] [DEBUG] cheese - login => username:额呃呃地区的去我呃,password:dqwdqwdqwdqwdqqwdq
[2020-04-21T18:34:43.786] [DEBUG] cheese - 额呃呃地区的去我呃
[2020-04-21T18:34:53.510] [DEBUG] cheese - login => username:额呃呃地区的去我呃,password:dqwdqwdqwdqwdqqwdq
[2020-04-21T18:34:53.510] [DEBUG] cheese - 额呃呃地区的去我呃
[2020-04-21T18:34:53.611] [DEBUG] cheese - null
[2020-04-21T18:34:53.611] [DEBUG] cheese - null
[2020-04-21T18:34:53.888] [DEBUG] cheese - null
[2020-04-21T18:34:53.888] [DEBUG] cheese - null
[2020-04-21T18:34:58.105] [DEBUG] cheese - login => username:额呃呃地区的去我呃,password:dqwdqwdqwdqwdqqwdq
[2020-04-21T18:34:58.105] [DEBUG] cheese - 额呃呃地区的去我呃
[2020-04-21T18:34:58.204] [DEBUG] cheese - null
[2020-04-21T18:34:58.204] [DEBUG] cheese - null
[2020-04-21T18:35:58.720] [DEBUG] cheese - login => username:dddddddddd,password:dddddddddd
[2020-04-21T18:35:58.720] [DEBUG] cheese - dddddddddd
[2020-04-21T18:35:58.818] [DEBUG] cheese - null
[2020-04-21T18:35:58.818] [DEBUG] cheese - null
[2020-04-21T18:36:03.102] [DEBUG] cheese - login => username:dddddddddd,password:dddddddddd
[2020-04-21T18:36:03.102] [DEBUG] cheese - dddddddddd
[2020-04-21T18:36:03.207] [DEBUG] cheese - null
[2020-04-21T18:36:03.207] [DEBUG] cheese - null
[2020-04-21T18:36:07.997] [DEBUG] cheese - login => username:dddddddddd,password:dddddddddd
[2020-04-21T18:36:07.998] [DEBUG] cheese - dddddddddd
[2020-04-21T18:36:08.088] [DEBUG] cheese - null
[2020-04-21T18:36:08.088] [DEBUG] cheese - null
[2020-04-21T18:36:13.666] [DEBUG] cheese - login => username:dddddddddd,password:dddddddddd
[2020-04-21T18:36:13.666] [DEBUG] cheese - dddddddddd
[2020-04-21T18:36:13.763] [DEBUG] cheese - null
[2020-04-21T18:36:13.764] [DEBUG] cheese - null
[2020-04-21T18:36:15.969] [DEBUG] cheese - login => username:dddddddddd,password:dddddddddd
[2020-04-21T18:36:15.969] [DEBUG] cheese - dddddddddd
[2020-04-21T18:36:16.061] [DEBUG] cheese - null
[2020-04-21T18:36:16.061] [DEBUG] cheese - null
[2020-04-21T18:36:16.809] [DEBUG] cheese - login => username:dddddddddd,password:dddddddddd
[2020-04-21T18:36:16.809] [DEBUG] cheese - dddddddddd
[2020-04-21T18:36:16.899] [DEBUG] cheese - null
[2020-04-21T18:36:16.900] [DEBUG] cheese - null
[2020-04-21T18:36:21.007] [DEBUG] cheese - login => username:dddddddddd,password:dddddddddd
[2020-04-21T18:36:21.008] [DEBUG] cheese - dddddddddd
[2020-04-21T18:36:21.100] [DEBUG] cheese - null
[2020-04-21T18:36:21.100] [DEBUG] cheese - null
[2020-04-21T18:36:23.735] [DEBUG] cheese - login => username:dddddddddd,password:dddddddddd
[2020-04-21T18:36:23.735] [DEBUG] cheese - dddddddddd
[2020-04-21T18:36:23.827] [DEBUG] cheese - null
[2020-04-21T18:36:23.827] [DEBUG] cheese - null
[2020-04-21T18:36:31.064] [DEBUG] cheese - login => username:dddddddddd,password:dddddddddd
[2020-04-21T18:36:31.068] [DEBUG] cheese - dddddddddd
[2020-04-21T18:36:31.159] [DEBUG] cheese - null
[2020-04-21T18:36:31.159] [DEBUG] cheese - null
[2020-04-21T18:36:45.182] [DEBUG] cheese - login => username:dddddddddd,password:dddddddddd
[2020-04-21T18:36:45.182] [DEBUG] cheese - dddddddddd
[2020-04-21T18:36:45.272] [DEBUG] cheese - null
[2020-04-21T18:36:45.273] [DEBUG] cheese - null
[2020-04-21T18:39:12.342] [DEBUG] cheese - login => username:dddddddd,password:dddddddd
[2020-04-21T18:39:12.343] [DEBUG] cheese - dddddddd
[2020-04-21T18:39:12.433] [DEBUG] cheese - null
[2020-04-21T18:39:12.433] [DEBUG] cheese - null
[2020-04-21T18:39:14.221] [DEBUG] cheese - login => username:dddddddd,password:dddddddd
[2020-04-21T18:39:14.221] [DEBUG] cheese - dddddddd
[2020-04-21T18:39:14.314] [DEBUG] cheese - null
[2020-04-21T18:39:14.314] [DEBUG] cheese - null
[2020-04-21T19:03:16.477] [DEBUG] cheese - login => username:admin,password:123456
[2020-04-21T19:03:16.483] [DEBUG] cheese - admin
[2020-04-21T19:03:16.750] [DEBUG] cheese - null
[2020-04-21T19:03:16.751] [DEBUG] cheese - null
[2020-04-21T19:53:28.974] [DEBUG] cheese - login => username:admin,password:123456
[2020-04-21T19:53:28.975] [DEBUG] cheese - admin
[2020-04-21T19:53:29.211] [DEBUG] cheese - null
[2020-04-21T19:53:29.212] [DEBUG] cheese - null
[2020-04-21T19:53:36.352] [DEBUG] cheese - login => username:admin,password:123456
[2020-04-21T19:53:36.352] [DEBUG] cheese - admin
[2020-04-21T19:53:40.730] [DEBUG] cheese - login => username:admin,password:123456
[2020-04-21T19:53:40.730] [DEBUG] cheese - admin
[2020-04-21T19:53:40.916] [DEBUG] cheese - null
[2020-04-21T19:53:40.916] [DEBUG] cheese - null
[2020-04-21T19:53:56.561] [DEBUG] cheese - null
[2020-04-21T19:53:56.561] [DEBUG] cheese - null
[2020-04-21T19:57:32.674] [DEBUG] cheese - login => username:admin,password:123456
[2020-04-21T19:57:32.674] [DEBUG] cheese - admin
[2020-04-21T19:57:32.921] [DEBUG] cheese - null
[2020-04-21T19:57:32.921] [DEBUG] cheese - null
[2020-04-21T20:11:11.765] [DEBUG] cheese - login => username:admin,password:123456
[2020-04-21T20:11:11.766] [DEBUG] cheese - admin
[2020-04-21T20:11:12.056] [DEBUG] cheese - null
[2020-04-21T20:11:12.056] [DEBUG] cheese - null
[2020-04-21T20:11:38.194] [DEBUG] cheese - login => username:admin,password:123456
[2020-04-21T20:11:38.194] [DEBUG] cheese - admin
[2020-04-21T20:11:45.063] [DEBUG] cheese - login => username:admin,password:123456
[2020-04-21T20:11:45.063] [DEBUG] cheese - admin
[2020-04-21T20:11:45.255] [DEBUG] cheese - null
[2020-04-21T20:11:45.255] [DEBUG] cheese - null
[2020-04-21T20:11:48.309] [DEBUG] cheese - null
[2020-04-21T20:11:48.309] [DEBUG] cheese - null
[2020-04-21T20:12:17.232] [DEBUG] cheese - login => username:admin,password:123456
[2020-04-21T20:12:17.232] [DEBUG] cheese - admin
[2020-04-21T20:12:17.327] [DEBUG] cheese - null
[2020-04-21T20:12:17.327] [DEBUG] cheese - null
[2020-04-21T21:12:36.168] [DEBUG] cheese - login => username:admin,password:123456
[2020-04-21T21:12:36.169] [DEBUG] cheese - admin
[2020-04-21T21:12:36.452] [DEBUG] cheese - null
[2020-04-21T21:12:36.453] [DEBUG] cheese - null
[2020-04-21T21:12:54.183] [DEBUG] cheese - login => username:admin,password:123456
[2020-04-21T21:12:54.184] [DEBUG] cheese - admin
[2020-04-21T21:12:54.286] [DEBUG] cheese - null
[2020-04-21T21:12:54.286] [DEBUG] cheese - null
[2020-04-21T21:13:06.674] [DEBUG] cheese - login => username:admin,password:123456
[2020-04-21T21:13:06.674] [DEBUG] cheese - admin
[2020-04-21T21:13:06.769] [DEBUG] cheese - null
[2020-04-21T21:13:06.769] [DEBUG] cheese - null
[2020-04-21T21:37:31.134] [DEBUG] cheese - login => username:admin,password:123456
[2020-04-21T21:37:31.134] [DEBUG] cheese - admin
[2020-04-21T21:37:31.383] [DEBUG] cheese - null
[2020-04-21T21:37:31.383] [DEBUG] cheese - null
[2020-04-21T21:37:49.725] [DEBUG] cheese - login => username:admin,password:123456
[2020-04-21T21:37:49.725] [DEBUG] cheese - admin
[2020-04-21T21:37:49.827] [DEBUG] cheese - null
[2020-04-21T21:37:49.827] [DEBUG] cheese - null
[2020-04-21T21:38:05.357] [DEBUG] cheese - login => username:admin,password:123456
[2020-04-21T21:38:05.358] [DEBUG] cheese - admin
[2020-04-21T21:38:05.455] [DEBUG] cheese - null
[2020-04-21T21:38:05.455] [DEBUG] cheese - null
[2020-04-21T21:39:00.088] [DEBUG] cheese - login => username:admin,password:123456
[2020-04-21T21:39:00.088] [DEBUG] cheese - admin
[2020-04-21T21:39:00.188] [DEBUG] cheese - null
[2020-04-21T21:39:00.189] [DEBUG] cheese - null
[2020-04-21T21:52:07.567] [DEBUG] cheese - login => username:admin,password:123456eee
[2020-04-21T21:52:07.567] [DEBUG] cheese - admin
[2020-04-21T21:52:08.309] [DEBUG] cheese - null
[2020-04-21T21:52:08.310] [DEBUG] cheese - null
[2020-04-21T21:52:12.094] [DEBUG] cheese - login => username:admin,password:123456eee
[2020-04-21T21:52:12.095] [DEBUG] cheese - admin
[2020-04-21T21:52:12.199] [DEBUG] cheese - null
[2020-04-21T21:52:12.199] [DEBUG] cheese - null
[2020-04-21T21:54:45.616] [DEBUG] cheese - login => username:admin,password:123456
[2020-04-21T21:54:45.616] [DEBUG] cheese - admin
[2020-04-21T21:54:48.104] [DEBUG] cheese - login => username:admin,password:123456
[2020-04-21T21:54:48.104] [DEBUG] cheese - admin
[2020-04-21T21:54:48.295] [DEBUG] cheese - null
[2020-04-21T21:54:48.295] [DEBUG] cheese - null
[2020-04-21T21:54:55.725] [DEBUG] cheese - null
[2020-04-21T21:54:55.725] [DEBUG] cheese - null
[2020-04-21T22:40:17.059] [DEBUG] cheese - login => username:admin,password:123456
[2020-04-21T22:40:17.059] [DEBUG] cheese - admin
[2020-04-21T22:40:17.306] [DEBUG] cheese - null
[2020-04-21T22:40:17.306] [DEBUG] cheese - null
[2020-04-21T22:40:24.193] [DEBUG] cheese - login => username:admin,password:123456
[2020-04-21T22:40:24.193] [DEBUG] cheese - admin
[2020-04-21T22:40:26.233] [DEBUG] cheese - login => username:admin,password:123456
[2020-04-21T22:40:26.233] [DEBUG] cheese - admin
[2020-04-21T22:40:26.432] [DEBUG] cheese - null
[2020-04-21T22:40:26.432] [DEBUG] cheese - null
[2020-04-21T22:40:34.292] [DEBUG] cheese - null
[2020-04-21T22:40:34.292] [DEBUG] cheese - null
[2020-04-22T07:25:18.313] [DEBUG] cheese - login => username:admin,password:123456
[2020-04-22T07:25:18.317] [DEBUG] cheese - admin
[2020-04-22T07:25:18.582] [DEBUG] cheese - null
[2020-04-22T07:25:18.583] [DEBUG] cheese - null
[2020-04-22T07:29:45.816] [DEBUG] cheese - login => username:admin,password:123456
[2020-04-22T07:29:45.816] [DEBUG] cheese - admin
[2020-04-22T07:29:46.063] [DEBUG] cheese - null
[2020-04-22T07:29:46.064] [DEBUG] cheese - null
[2020-04-22T08:28:36.886] [DEBUG] cheese - login => username:admin,password:123456
[2020-04-22T08:28:36.889] [DEBUG] cheese - admin
[2020-04-22T08:28:37.178] [DEBUG] cheese - null
[2020-04-22T08:28:37.178] [DEBUG] cheese - null
[2020-04-22T12:39:28.172] [DEBUG] cheese - login => username:admin,password:123456
[2020-04-22T12:39:28.174] [DEBUG] cheese - admin
[2020-04-22T12:39:30.321] [DEBUG] cheese - null
[2020-04-22T12:39:30.324] [DEBUG] cheese - null
[2020-04-22T12:42:55.737] [DEBUG] cheese - login => username:admin,password:123456
[2020-04-22T12:42:55.737] [DEBUG] cheese - admin
[2020-04-22T12:42:55.987] [DEBUG] cheese - null
[2020-04-22T12:42:55.987] [DEBUG] cheese - null
[2020-04-22T14:15:24.873] [DEBUG] cheese - login => username:admin,password:123456
[2020-04-22T14:15:24.874] [DEBUG] cheese - admin
[2020-04-22T14:15:26.115] [DEBUG] cheese - null
[2020-04-22T14:15:26.116] [DEBUG] cheese - null
[2020-04-22T14:20:11.177] [DEBUG] cheese - login => username:admin,password:123456
[2020-04-22T14:20:11.178] [DEBUG] cheese - admin
[2020-04-22T14:20:11.442] [DEBUG] cheese - null
[2020-04-22T14:20:11.442] [DEBUG] cheese - null
[2020-04-22T14:22:14.534] [DEBUG] cheese - login => username:admin,password:123456
[2020-04-22T14:22:14.534] [DEBUG] cheese - admin
[2020-04-22T14:22:24.777] [DEBUG] cheese - null
[2020-04-22T14:22:24.777] [DEBUG] cheese - null
[2020-04-22T14:23:37.305] [DEBUG] cheese - login => username:admin,password:123456
[2020-04-22T14:23:37.305] [DEBUG] cheese - admin
[2020-04-22T14:23:47.559] [DEBUG] cheese - null
[2020-04-22T14:23:47.559] [DEBUG] cheese - null
[2020-04-22T14:26:53.049] [DEBUG] cheese - login => username:admin,password:123456
[2020-04-22T14:26:53.049] [DEBUG] cheese - admin
[2020-04-22T14:26:53.300] [DEBUG] cheese - null
[2020-04-22T14:26:53.300] [DEBUG] cheese - null
[2020-04-22T14:33:19.889] [DEBUG] cheese - login => username:admin,password:123456
[2020-04-22T14:33:19.889] [DEBUG] cheese - admin
[2020-04-22T14:33:20.134] [DEBUG] cheese - null
[2020-04-22T14:33:20.134] [DEBUG] cheese - null
[2020-04-22T15:32:48.170] [DEBUG] cheese - login => username:admin,password:123456
[2020-04-22T15:32:48.171] [DEBUG] cheese - admin
[2020-04-22T15:32:58.387] [DEBUG] cheese - null
[2020-04-22T15:32:58.387] [DEBUG] cheese - null
[2020-04-22T15:42:09.657] [DEBUG] cheese - login => username:admin,password:123456
[2020-04-22T15:42:09.658] [DEBUG] cheese - admin
[2020-04-22T15:42:09.887] [DEBUG] cheese - null
[2020-04-22T15:42:09.887] [DEBUG] cheese - null
[2020-04-22T15:48:47.193] [DEBUG] cheese - login => username:admin,password:123456
[2020-04-22T15:48:47.193] [DEBUG] cheese - admin
[2020-04-22T15:48:48.470] [DEBUG] cheese - null
[2020-04-22T15:48:48.470] [DEBUG] cheese - null
[2020-04-22T17:40:00.271] [DEBUG] cheese - login => username:admin,password:123456
[2020-04-22T17:40:00.290] [DEBUG] cheese - admin
[2020-04-22T17:40:05.799] [DEBUG] cheese - login => username:admin,password:123456
[2020-04-22T17:40:05.799] [DEBUG] cheese - admin
[2020-04-22T17:40:06.462] [DEBUG] cheese - null
[2020-04-22T17:40:06.462] [DEBUG] cheese - null
[2020-04-22T17:40:10.470] [DEBUG] cheese - null
[2020-04-22T17:40:10.470] [DEBUG] cheese - null
[2020-04-22T19:32:36.141] [DEBUG] cheese - login => username:admingfgfgfffffff,password:123456'
[2020-04-22T19:32:36.145] [DEBUG] cheese - admingfgfgfffffff
[2020-04-22T19:32:36.406] [DEBUG] cheese - null
[2020-04-22T19:32:36.407] [DEBUG] cheese - null
[2020-04-22T19:32:37.674] [DEBUG] cheese - login => username:admingfgfgfffffff,password:123456'
[2020-04-22T19:32:37.674] [DEBUG] cheese - admingfgfgfffffff
[2020-04-22T19:32:37.770] [DEBUG] cheese - null
[2020-04-22T19:32:37.770] [DEBUG] cheese - null
[2020-04-22T19:33:04.492] [DEBUG] cheese - login => username:admin,password:123456
[2020-04-22T19:33:04.492] [DEBUG] cheese - admin
[2020-04-22T19:33:05.627] [DEBUG] cheese - login => username:admin,password:123456
[2020-04-22T19:33:05.627] [DEBUG] cheese - admin
[2020-04-22T19:33:05.821] [DEBUG] cheese - null
[2020-04-22T19:33:05.821] [DEBUG] cheese - null
[2020-04-22T19:33:12.590] [DEBUG] cheese - login => username:admin,password:123456
[2020-04-22T19:33:12.590] [DEBUG] cheese - admin
[2020-04-22T19:33:12.688] [DEBUG] cheese - null
[2020-04-22T19:33:12.688] [DEBUG] cheese - null
[2020-04-22T19:33:14.658] [DEBUG] cheese - null
[2020-04-22T19:33:14.658] [DEBUG] cheese - null
[2020-04-22T19:33:20.115] [DEBUG] cheese - login => username:admin,password:123456
[2020-04-22T19:33:20.115] [DEBUG] cheese - admin
[2020-04-22T19:33:20.211] [DEBUG] cheese - null
[2020-04-22T19:33:20.211] [DEBUG] cheese - null
[2020-04-22T21:41:29.627] [DEBUG] cheese - login => username:admin,password:123456
[2020-04-22T21:41:29.628] [DEBUG] cheese - admin
[2020-04-22T21:41:32.080] [DEBUG] cheese - null
[2020-04-22T21:41:32.080] [DEBUG] cheese - null
[2020-04-22T21:53:35.478] [DEBUG] cheese - login => username:admin,password:123456
[2020-04-22T21:53:35.478] [DEBUG] cheese - admin
[2020-04-22T21:53:35.711] [DEBUG] cheese - null
[2020-04-22T21:53:35.711] [DEBUG] cheese - null
[2020-04-22T22:00:08.183] [DEBUG] cheese - login => username:admin,password:123456
[2020-04-22T22:00:08.183] [DEBUG] cheese - admin
[2020-04-22T22:00:08.283] [DEBUG] cheese - null
[2020-04-22T22:00:08.284] [DEBUG] cheese - null
[2020-04-22T22:07:06.385] [DEBUG] cheese - login => username:admin,password:123456
[2020-04-22T22:07:06.385] [DEBUG] cheese - admin
[2020-04-22T22:07:06.623] [DEBUG] cheese - null
[2020-04-22T22:07:06.623] [DEBUG] cheese - null
[2020-04-22T22:12:05.406] [DEBUG] cheese - login => username:admin,password:123456
[2020-04-22T22:12:05.406] [DEBUG] cheese - admin
[2020-04-22T22:12:05.646] [DEBUG] cheese - null
[2020-04-22T22:12:05.646] [DEBUG] cheese - null
[2020-04-22T22:22:25.437] [DEBUG] cheese - login => username:admin,password:123456
[2020-04-22T22:22:25.437] [DEBUG] cheese - admin
[2020-04-22T22:22:25.998] [DEBUG] cheese - null
[2020-04-22T22:22:25.998] [DEBUG] cheese - null
[2020-04-22T23:00:32.137] [DEBUG] cheese - login => username:admin,password:123456
[2020-04-22T23:00:32.137] [DEBUG] cheese - admin
[2020-04-22T23:00:32.385] [DEBUG] cheese - null
[2020-04-22T23:00:32.385] [DEBUG] cheese - null
[2020-04-22T23:15:54.137] [DEBUG] cheese - login => username:admin,password:123456
[2020-04-22T23:15:54.138] [DEBUG] cheese - admin
[2020-04-22T23:15:58.419] [DEBUG] cheese - login => username:admin,password:123456
[2020-04-22T23:15:58.419] [DEBUG] cheese - admin
[2020-04-22T23:15:58.609] [DEBUG] cheese - null
[2020-04-22T23:15:58.609] [DEBUG] cheese - null
[2020-04-22T23:16:04.239] [DEBUG] cheese - null
[2020-04-22T23:16:04.239] [DEBUG] cheese - null
[2020-04-22T23:25:39.363] [DEBUG] cheese - login => username:admin,password:123456
[2020-04-22T23:25:39.363] [DEBUG] cheese - admin
[2020-04-22T23:25:39.461] [DEBUG] cheese - null
[2020-04-22T23:25:39.461] [DEBUG] cheese - null
[2020-04-23T07:04:49.417] [DEBUG] cheese - login => username:admin,password:123456
[2020-04-23T07:04:49.418] [DEBUG] cheese - admin
[2020-04-23T07:04:59.617] [DEBUG] cheese - null
[2020-04-23T07:04:59.617] [DEBUG] cheese - null
[2020-04-23T07:06:19.986] [DEBUG] cheese - login => username:admin,password:123456
[2020-04-23T07:06:19.986] [DEBUG] cheese - admin
[2020-04-23T07:06:20.189] [DEBUG] cheese - null
[2020-04-23T07:06:20.190] [DEBUG] cheese - null
[2020-04-23T07:16:46.096] [DEBUG] cheese - login => username:admin,password:123456
[2020-04-23T07:16:46.096] [DEBUG] cheese - admin
[2020-04-23T07:16:46.347] [DEBUG] cheese - null
[2020-04-23T07:16:46.347] [DEBUG] cheese - null
[2020-04-24T07:18:26.853] [DEBUG] cheese - login => username:admin,password:123456
[2020-04-24T07:18:26.860] [DEBUG] cheese - admin
[2020-04-24T07:18:26.960] [DEBUG] cheese - null
[2020-04-24T07:18:26.961] [DEBUG] cheese - null
[2020-04-24T07:21:20.602] [DEBUG] cheese - login => username:admin,password:123456
[2020-04-24T07:21:20.602] [DEBUG] cheese - admin
[2020-04-24T07:21:20.699] [DEBUG] cheese - null
[2020-04-24T07:21:20.699] [DEBUG] cheese - null
[2020-04-24T22:18:55.064] [DEBUG] cheese - login => username:admin,password:123456
[2020-04-24T22:18:55.068] [DEBUG] cheese - admin
[2020-04-24T22:18:55.191] [DEBUG] cheese - null
[2020-04-24T22:18:55.192] [DEBUG] cheese - null
[2020-04-25T21:56:54.933] [DEBUG] cheese - login => username:admin,password:123456
[2020-04-25T21:56:54.937] [DEBUG] cheese - admin
[2020-04-25T21:57:02.388] [DEBUG] cheese - login => username:admin,password:123456
[2020-04-25T21:57:02.389] [DEBUG] cheese - admin
[2020-04-25T21:57:02.650] [DEBUG] cheese - null
[2020-04-25T21:57:02.650] [DEBUG] cheese - null
[2020-04-25T21:57:05.048] [DEBUG] cheese - null
[2020-04-25T21:57:05.048] [DEBUG] cheese - null
[2020-04-26T08:41:02.765] [DEBUG] cheese - login => username:admin,password:123456
[2020-04-26T08:41:02.767] [DEBUG] cheese - admin
[2020-04-26T08:41:02.865] [DEBUG] cheese - null
[2020-04-26T08:41:02.865] [DEBUG] cheese - null
[2020-04-26T08:41:09.649] [DEBUG] cheese - login => username:admin,password:123456
[2020-04-26T08:41:09.649] [DEBUG] cheese - admin
[2020-04-26T08:41:09.964] [DEBUG] cheese - null
[2020-04-26T08:41:09.965] [DEBUG] cheese - null
[2020-04-26T16:32:47.644] [DEBUG] cheese - login => username:admin,password:123456
[2020-04-26T16:32:47.663] [DEBUG] cheese - admin
[2020-04-26T16:32:47.799] [DEBUG] cheese - null
[2020-04-26T16:32:47.799] [DEBUG] cheese - null
[2020-04-27T08:45:47.840] [DEBUG] cheese - login => username:admin,password:123456
[2020-04-27T08:45:47.843] [DEBUG] cheese - admin
[2020-04-27T08:45:47.938] [DEBUG] cheese - null
[2020-04-27T08:45:47.938] [DEBUG] cheese - null
[2020-04-27T13:59:55.143] [DEBUG] cheese - null
[2020-04-27T14:02:24.782] [DEBUG] cheese - null
[2020-04-27T14:04:57.159] [DEBUG] cheese - null
[2020-04-27T14:05:09.420] [DEBUG] cheese - null
[2020-04-27T14:06:35.601] [DEBUG] cheese - null
[2020-04-27T16:19:59.025] [DEBUG] cheese - null
[2020-04-27T16:31:37.371] [DEBUG] cheese - null
[2020-04-27T16:33:46.667] [DEBUG] cheese - null
[2020-04-27T16:33:51.139] [DEBUG] cheese - null
[2020-04-27T16:34:51.516] [DEBUG] cheese - null
[2020-04-27T16:35:03.897] [DEBUG] cheese - null
[2020-04-27T16:35:14.061] [DEBUG] cheese - null
[2020-04-27T16:38:33.407] [DEBUG] cheese - null
[2020-04-27T18:02:56.085] [DEBUG] cheese - login => username:admin,password:123456
[2020-04-27T18:02:56.086] [DEBUG] cheese - admin
[2020-04-27T18:02:56.363] [DEBUG] cheese - null
[2020-04-27T18:02:56.367] [DEBUG] cheese - null
[2020-04-28T14:53:35.357] [DEBUG] cheese - login => username:admin,password:123456
[2020-04-28T14:53:35.362] [DEBUG] cheese - admin
[2020-04-28T14:53:56.549] [DEBUG] cheese - { Error: getaddrinfo ENOTFOUND www.robertzwj.com www.robertzwj.com:3306
    at GetAddrInfoReqWrap.onlookup [as oncomplete] (dns.js:56:26)
    --------------------
    at Protocol._enqueue (D:\git_repo\vue_api_server\node_modules\mysql\lib\protocol\Protocol.js:144:48)
    at Protocol.handshake (D:\git_repo\vue_api_server\node_modules\mysql\lib\protocol\Protocol.js:51:23)
    at PoolConnection.connect (D:\git_repo\vue_api_server\node_modules\mysql\lib\Connection.js:116:18)
    at Pool.getConnection (D:\git_repo\vue_api_server\node_modules\mysql\lib\Pool.js:48:16)
    at Pool.releaseConnection (D:\git_repo\vue_api_server\node_modules\mysql\lib\Pool.js:157:10)
    at Pool._removeConnection (D:\git_repo\vue_api_server\node_modules\mysql\lib\Pool.js:277:8)
    at Pool._purgeConnection (D:\git_repo\vue_api_server\node_modules\mysql\lib\Pool.js:258:8)
    at Ping.onOperationComplete (D:\git_repo\vue_api_server\node_modules\mysql\lib\Pool.js:101:12)
    at Ping.<anonymous> (D:\git_repo\vue_api_server\node_modules\mysql\lib\Connection.js:526:10)
    at Ping._callback (D:\git_repo\vue_api_server\node_modules\mysql\lib\Connection.js:488:16)
    at Ping.Sequence.end (D:\git_repo\vue_api_server\node_modules\mysql\lib\protocol\sequences\Sequence.js:83:24)
    at D:\git_repo\vue_api_server\node_modules\mysql\lib\protocol\Protocol.js:404:18
    at Array.forEach (<anonymous>)
    at D:\git_repo\vue_api_server\node_modules\mysql\lib\protocol\Protocol.js:403:13
    at process._tickCallback (internal/process/next_tick.js:61:11)
  errno: 'ENOTFOUND',
  code: 'ENOTFOUND',
  syscall: 'getaddrinfo',
  hostname: 'www.robertzwj.com',
  host: 'www.robertzwj.com',
  port: 3306,
  fatal: true }
[2020-04-28T14:53:56.610] [DEBUG] cheese - 查询失败
[2020-04-28T14:54:09.679] [DEBUG] cheese - login => username:admin,password:123456
[2020-04-28T14:54:09.679] [DEBUG] cheese - admin
[2020-04-28T14:54:10.821] [DEBUG] cheese - { Error: getaddrinfo ENOTFOUND www.robertzwj.com www.robertzwj.com:3306
    at GetAddrInfoReqWrap.onlookup [as oncomplete] (dns.js:56:26)
    --------------------
    at Protocol._enqueue (D:\git_repo\vue_api_server\node_modules\mysql\lib\protocol\Protocol.js:144:48)
    at Protocol.handshake (D:\git_repo\vue_api_server\node_modules\mysql\lib\protocol\Protocol.js:51:23)
    at PoolConnection.connect (D:\git_repo\vue_api_server\node_modules\mysql\lib\Connection.js:116:18)
    at Pool.getConnection (D:\git_repo\vue_api_server\node_modules\mysql\lib\Pool.js:48:16)
    at Driver.poolQuery (D:\git_repo\vue_api_server\node_modules\orm\lib\Drivers\DML\mysql.js:226:16)
    at Driver.execSimpleQuery (D:\git_repo\vue_api_server\node_modules\orm\lib\Drivers\DML\mysql.js:101:10)
    at Driver.find (D:\git_repo\vue_api_server\node_modules\orm\lib\Drivers\DML\mysql.js:145:8)
    at chainRun (D:\git_repo\vue_api_server\node_modules\orm\lib\ChainFind.js:35:17)
    at Object.run (D:\git_repo\vue_api_server\node_modules\orm\lib\ChainFind.js:224:7)
    at Function.Model.model.find (D:\git_repo\vue_api_server\node_modules\orm\lib\Model.js:441:13)
    at Function.Model.model.one (D:\git_repo\vue_api_server\node_modules\orm\lib\Model.js:476:22)
    at Object.module.exports.findOne (D:\git_repo\vue_api_server\dao\DAO.js:134:8)
    at Object.module.exports.findOne (D:\git_repo\vue_api_server\dao\ManagerDAO.js:35:12)
    at module.exports.login (D:\git_repo\vue_api_server\services\ManagerService.js:218:14)
    at Strategy._verify (D:\git_repo\vue_api_server\modules\passport.js:25:4)
    at Strategy.authenticate (D:\git_repo\vue_api_server\node_modules\passport-local\lib\strategy.js:90:12)
  errno: 'ENOTFOUND',
  code: 'ENOTFOUND',
  syscall: 'getaddrinfo',
  hostname: 'www.robertzwj.com',
  host: 'www.robertzwj.com',
  port: 3306,
  fatal: true }
[2020-04-28T14:54:10.822] [DEBUG] cheese - 查询失败
[2020-04-28T14:54:23.290] [DEBUG] cheese - login => username:admin,password:123456
[2020-04-28T14:54:23.291] [DEBUG] cheese - admin
[2020-04-28T14:54:23.686] [DEBUG] cheese - null
[2020-04-28T14:54:23.686] [DEBUG] cheese - null
[2020-04-28T16:27:15.715] [DEBUG] cheese - login => username:admin,password:123456
[2020-04-28T16:27:15.715] [DEBUG] cheese - admin
[2020-04-28T16:27:15.861] [DEBUG] cheese - null
[2020-04-28T16:27:15.862] [DEBUG] cheese - null
[2020-04-28T20:04:30.894] [DEBUG] cheese - login => username:admin,password:123456
[2020-04-28T20:04:30.898] [DEBUG] cheese - admin
[2020-04-28T20:04:31.001] [DEBUG] cheese - null
[2020-04-28T20:04:31.002] [DEBUG] cheese - null
[2020-04-28T23:18:45.214] [DEBUG] cheese - null
